TN:
SF:src/modules/appointments/services/CreateAppointmentService.ts
FN:83,Object.<anonymous>
FN:83,Object.<anonymous>.__decorate
FN:83,Object.<anonymous>.__metadata
FN:83,Object.<anonymous>.__param
FN:83,Object.<anonymous>.__awaiter
FN:83,adopt
FN:83,fulfilled
FN:83,rejected
FN:83,step
FN:83,Object.<anonymous>.__generator
FN:83,sent
FN:83,g.<computed>
FN:83,verb
FN:83,step
FN:83,Object.<anonymous>.__importDefault
FN:19,CreateAppointmentService
FN:30,Object.<anonymous>.CreateAppointmentService.execute
FNF:17
FNH:15
FNDA:1,Object.<anonymous>
FNDA:1,Object.<anonymous>.__decorate
FNDA:1,Object.<anonymous>.__metadata
FNDA:3,Object.<anonymous>.__param
FNDA:7,Object.<anonymous>.__awaiter
FNDA:13,adopt
FNDA:13,fulfilled
FNDA:0,rejected
FNDA:15,step
FNDA:7,Object.<anonymous>.__generator
FNDA:13,sent
FNDA:0,g.<computed>
FNDA:21,verb
FNDA:20,step
FNDA:1,Object.<anonymous>.__importDefault
FNDA:5,CreateAppointmentService
FNDA:7,Object.<anonymous>.CreateAppointmentService.execute
DA:1,1
DA:2,1
DA:3,1
DA:4,1
DA:5,1
DA:6,1
DA:7,1
DA:8,1
DA:9,1
DA:10,1
DA:11,1
DA:12,1
DA:13,1
DA:14,1
DA:15,1
DA:16,1
DA:17,1
DA:18,1
DA:19,1
DA:20,5
DA:21,5
DA:22,5
DA:23,5
DA:24,5
DA:25,5
DA:26,5
DA:27,5
DA:28,5
DA:29,1
DA:30,1
DA:31,7
DA:32,7
DA:33,7
DA:34,7
DA:35,7
DA:36,7
DA:37,7
DA:38,7
DA:39,7
DA:40,7
DA:41,7
DA:42,1
DA:43,1
DA:44,6
DA:45,7
DA:46,2
DA:47,2
DA:48,4
DA:49,7
DA:50,1
DA:51,1
DA:52,3
DA:53,7
DA:54,1
DA:55,1
DA:56,1
DA:57,1
DA:58,2
DA:59,2
DA:60,2
DA:61,2
DA:62,2
DA:63,2
DA:64,7
DA:65,7
DA:66,7
DA:67,7
DA:68,7
DA:69,7
DA:70,7
DA:71,7
DA:72,7
DA:73,7
DA:74,7
DA:75,7
DA:76,7
DA:77,7
DA:78,7
DA:79,7
DA:80,7
DA:81,1
DA:82,1
DA:83,1
LF:83
LH:83
BRDA:83,0,0,1
BRDA:83,1,0,1
BRDA:83,2,0,1
BRDA:83,3,0,0
BRDA:83,4,0,0
BRDA:83,5,0,0
BRDA:83,6,0,0
BRDA:83,7,0,1
BRDA:83,8,0,3
BRDA:83,9,0,3
BRDA:83,10,0,7
BRDA:83,11,0,13
BRDA:83,12,0,0
BRDA:83,13,0,7
BRDA:83,14,0,13
BRDA:83,15,0,8
BRDA:83,16,0,5
BRDA:83,17,0,15
BRDA:83,18,0,2
BRDA:83,19,0,13
BRDA:83,20,0,7
BRDA:83,21,0,13
BRDA:83,22,0,0
BRDA:83,23,0,21
BRDA:83,24,0,20
BRDA:83,25,0,20
BRDA:83,26,0,0
BRDA:83,27,0,40
BRDA:83,28,0,0
BRDA:83,29,0,0
BRDA:83,30,0,0
BRDA:83,31,0,0
BRDA:83,32,0,20
BRDA:83,33,0,20
BRDA:83,34,0,13
BRDA:83,35,0,0
BRDA:83,36,0,0
BRDA:83,37,0,7
BRDA:83,38,0,0
BRDA:83,39,0,2
BRDA:83,40,0,0
BRDA:83,41,0,0
BRDA:83,42,0,0
BRDA:83,43,0,0
BRDA:83,44,0,20
BRDA:83,45,0,15
BRDA:83,46,0,5
BRDA:83,47,0,20
BRDA:83,48,0,7
BRDA:83,49,0,5
BRDA:83,50,0,2
BRDA:83,51,0,0
BRDA:83,52,0,1
BRDA:83,53,0,0
BRDA:18,54,0,1
BRDA:19,55,0,5
BRDA:30,56,0,7
BRDA:83,57,0,7
BRDA:83,58,0,20
BRDA:83,59,0,7
BRDA:83,60,0,7
BRDA:41,61,0,1
BRDA:43,62,0,6
BRDA:45,63,0,2
BRDA:47,64,0,4
BRDA:49,65,0,1
BRDA:51,66,0,3
BRDA:53,67,0,2
BRDA:53,68,0,1
BRDA:57,69,0,2
BRDA:83,70,0,2
BRDA:83,71,0,2
BRDA:83,72,0,2
BRF:73
BRH:53
end_of_record
TN:
SF:src/modules/appointments/services/ListProviderAppointmentsService.ts
FN:53,Object.<anonymous>
FN:53,Object.<anonymous>.__decorate
FN:53,Object.<anonymous>.__metadata
FN:53,Object.<anonymous>.__param
FN:53,Object.<anonymous>.__awaiter
FN:53,adopt
FN:53,fulfilled
FN:53,rejected
FN:53,step
FN:53,Object.<anonymous>.__generator
FN:53,sent
FN:53,g.<computed>
FN:53,verb
FN:53,step
FN:16,ListProviderAppointmentsService
FN:24,Object.<anonymous>.ListProviderAppointmentsService.execute
FNF:16
FNH:14
FNDA:1,Object.<anonymous>
FNDA:1,Object.<anonymous>.__decorate
FNDA:1,Object.<anonymous>.__metadata
FNDA:2,Object.<anonymous>.__param
FNDA:1,Object.<anonymous>.__awaiter
FNDA:3,adopt
FNDA:3,fulfilled
FNDA:0,rejected
FNDA:4,step
FNDA:1,Object.<anonymous>.__generator
FNDA:3,sent
FNDA:0,g.<computed>
FNDA:3,verb
FNDA:4,step
FNDA:1,ListProviderAppointmentsService
FNDA:1,Object.<anonymous>.ListProviderAppointmentsService.execute
DA:1,1
DA:2,1
DA:3,1
DA:4,1
DA:5,1
DA:6,1
DA:7,1
DA:8,1
DA:9,1
DA:10,1
DA:11,1
DA:12,1
DA:13,1
DA:14,1
DA:15,1
DA:16,1
DA:17,1
DA:18,1
DA:19,1
DA:20,1
DA:21,1
DA:22,1
DA:23,1
DA:24,1
DA:25,1
DA:26,1
DA:27,1
DA:28,1
DA:29,1
DA:30,1
DA:31,1
DA:32,1
DA:33,1
DA:34,1
DA:35,1
DA:36,1
DA:37,1
DA:38,1
DA:39,1
DA:40,1
DA:41,1
DA:42,1
DA:43,1
DA:44,1
DA:45,1
DA:46,1
DA:47,1
DA:48,1
DA:49,1
DA:50,1
DA:51,1
DA:52,1
DA:53,1
LF:53
LH:53
BRDA:53,0,0,1
BRDA:53,1,0,1
BRDA:53,2,0,1
BRDA:53,3,0,0
BRDA:53,4,0,0
BRDA:53,5,0,0
BRDA:53,6,0,0
BRDA:53,7,0,1
BRDA:53,8,0,2
BRDA:53,9,0,2
BRDA:53,10,0,1
BRDA:53,11,0,3
BRDA:53,12,0,0
BRDA:53,13,0,1
BRDA:53,14,0,3
BRDA:53,15,0,0
BRDA:53,16,0,4
BRDA:53,17,0,1
BRDA:53,18,0,3
BRDA:53,19,0,1
BRDA:53,20,0,3
BRDA:53,21,0,0
BRDA:53,22,0,3
BRDA:53,23,0,4
BRDA:53,24,0,4
BRDA:53,25,0,0
BRDA:53,26,0,8
BRDA:53,27,0,0
BRDA:53,28,0,0
BRDA:53,29,0,0
BRDA:53,30,0,0
BRDA:53,31,0,4
BRDA:53,32,0,4
BRDA:53,33,0,3
BRDA:53,34,0,0
BRDA:53,35,0,0
BRDA:53,36,0,1
BRDA:53,37,0,0
BRDA:53,38,0,0
BRDA:53,39,0,0
BRDA:53,40,0,0
BRDA:53,41,0,0
BRDA:53,42,0,4
BRDA:53,43,0,0
BRDA:53,44,0,4
BRDA:53,45,0,1
BRDA:53,46,0,0
BRDA:53,47,0,1
BRDA:53,48,0,0
BRDA:15,49,0,1
BRDA:16,50,0,1
BRDA:24,51,0,1
BRDA:53,52,0,1
BRDA:53,53,0,4
BRDA:53,54,0,1
BRDA:53,55,0,1
BRDA:36,56,0,0
BRDA:53,57,0,1
BRDA:53,58,0,1
BRDA:49,59,0,1
BRF:60
BRH:37
end_of_record
TN:
SF:src/modules/appointments/services/ListProviderDayAvailabilityService.ts
FN:66,Object.<anonymous>
FN:66,Object.<anonymous>.__decorate
FN:66,Object.<anonymous>.__metadata
FN:66,Object.<anonymous>.__param
FN:66,Object.<anonymous>.__awaiter
FN:66,adopt
FN:66,fulfilled
FN:66,rejected
FN:66,step
FN:66,Object.<anonymous>.__generator
FN:66,sent
FN:66,g.<computed>
FN:66,verb
FN:66,step
FN:20,ListProviderDayAvailabilityService
FN:25,Object.<anonymous>.ListProviderDayAvailabilityService.execute
FNF:16
FNH:14
FNDA:1,Object.<anonymous>
FNDA:1,Object.<anonymous>.__decorate
FNDA:1,Object.<anonymous>.__metadata
FNDA:1,Object.<anonymous>.__param
FNDA:1,Object.<anonymous>.__awaiter
FNDA:1,adopt
FNDA:1,fulfilled
FNDA:0,rejected
FNDA:2,step
FNDA:1,Object.<anonymous>.__generator
FNDA:1,sent
FNDA:0,g.<computed>
FNDA:3,verb
FNDA:2,step
FNDA:1,ListProviderDayAvailabilityService
FNDA:1,Object.<anonymous>.ListProviderDayAvailabilityService.execute
DA:1,1
DA:2,1
DA:3,1
DA:4,1
DA:5,1
DA:6,1
DA:7,1
DA:8,1
DA:9,1
DA:10,1
DA:11,1
DA:12,1
DA:13,1
DA:14,1
DA:15,1
DA:16,1
DA:17,1
DA:18,1
DA:19,1
DA:20,1
DA:21,1
DA:22,1
DA:23,1
DA:24,1
DA:25,1
DA:26,1
DA:27,1
DA:28,1
DA:29,1
DA:30,1
DA:31,1
DA:32,1
DA:33,1
DA:34,1
DA:35,1
DA:36,1
DA:37,1
DA:38,1
DA:39,1
DA:40,1
DA:41,1
DA:42,1
DA:43,1
DA:44,1
DA:45,1
DA:46,1
DA:47,1
DA:48,1
DA:49,1
DA:50,10
DA:51,10
DA:52,10
DA:53,10
DA:54,10
DA:55,10
DA:56,10
DA:57,10
DA:58,10
DA:59,10
DA:60,1
DA:61,1
DA:62,1
DA:63,1
DA:64,1
DA:65,1
DA:66,1
LF:66
LH:66
BRDA:66,0,0,1
BRDA:66,1,0,1
BRDA:66,2,0,1
BRDA:66,3,0,0
BRDA:66,4,0,0
BRDA:66,5,0,0
BRDA:66,6,0,0
BRDA:66,7,0,1
BRDA:66,8,0,1
BRDA:66,9,0,1
BRDA:66,10,0,1
BRDA:66,11,0,1
BRDA:66,12,0,0
BRDA:66,13,0,1
BRDA:66,14,0,1
BRDA:66,15,0,0
BRDA:66,16,0,2
BRDA:66,17,0,1
BRDA:66,18,0,1
BRDA:66,19,0,1
BRDA:66,20,0,1
BRDA:66,21,0,0
BRDA:66,22,0,3
BRDA:66,23,0,2
BRDA:66,24,0,2
BRDA:66,25,0,0
BRDA:66,26,0,4
BRDA:66,27,0,0
BRDA:66,28,0,0
BRDA:66,29,0,0
BRDA:66,30,0,0
BRDA:66,31,0,2
BRDA:66,32,0,2
BRDA:66,33,0,1
BRDA:66,34,0,0
BRDA:66,35,0,0
BRDA:66,36,0,1
BRDA:66,37,0,0
BRDA:66,38,0,0
BRDA:66,39,0,0
BRDA:66,40,0,0
BRDA:66,41,0,0
BRDA:66,42,0,2
BRDA:66,43,0,0
BRDA:66,44,0,2
BRDA:66,45,0,1
BRDA:66,46,0,0
BRDA:66,47,0,1
BRDA:66,48,0,0
BRDA:19,49,0,1
BRDA:20,50,0,1
BRDA:25,51,0,1
BRDA:66,52,0,1
BRDA:66,53,0,2
BRDA:31,54,0,1
BRDA:66,55,0,1
BRDA:44,56,0,10
BRDA:49,57,0,10
BRDA:58,58,0,8
BRDA:51,59,0,19
BRF:60
BRH:38
end_of_record
TN:
SF:src/modules/appointments/services/ListProviderMonthAvailabilityService.ts
FN:57,Object.<anonymous>
FN:57,Object.<anonymous>.__decorate
FN:57,Object.<anonymous>.__metadata
FN:57,Object.<anonymous>.__param
FN:57,Object.<anonymous>.__awaiter
FN:57,adopt
FN:57,fulfilled
FN:57,rejected
FN:57,step
FN:57,Object.<anonymous>.__generator
FN:57,sent
FN:57,g.<computed>
FN:57,verb
FN:57,step
FN:19,ListProviderMonthAvailabilityService
FN:24,Object.<anonymous>.ListProviderMonthAvailabilityService.execute
FNF:16
FNH:14
FNDA:1,Object.<anonymous>
FNDA:1,Object.<anonymous>.__decorate
FNDA:1,Object.<anonymous>.__metadata
FNDA:1,Object.<anonymous>.__param
FNDA:1,Object.<anonymous>.__awaiter
FNDA:1,adopt
FNDA:1,fulfilled
FNDA:0,rejected
FNDA:2,step
FNDA:1,Object.<anonymous>.__generator
FNDA:1,sent
FNDA:0,g.<computed>
FNDA:3,verb
FNDA:2,step
FNDA:1,ListProviderMonthAvailabilityService
FNDA:1,Object.<anonymous>.ListProviderMonthAvailabilityService.execute
DA:1,1
DA:2,1
DA:3,1
DA:4,1
DA:5,1
DA:6,1
DA:7,1
DA:8,1
DA:9,1
DA:10,1
DA:11,1
DA:12,1
DA:13,1
DA:14,1
DA:15,1
DA:16,1
DA:17,1
DA:18,1
DA:19,1
DA:20,1
DA:21,1
DA:22,1
DA:23,1
DA:24,1
DA:25,1
DA:26,1
DA:27,1
DA:28,1
DA:29,1
DA:30,1
DA:31,1
DA:32,1
DA:33,1
DA:34,1
DA:35,1
DA:36,1
DA:37,1
DA:38,1
DA:39,1
DA:40,1
DA:41,1
DA:42,1
DA:43,31
DA:44,341
DA:45,31
DA:46,31
DA:47,31
DA:48,31
DA:49,31
DA:50,31
DA:51,1
DA:52,1
DA:53,1
DA:54,1
DA:55,1
DA:56,1
DA:57,1
LF:57
LH:57
BRDA:57,0,0,1
BRDA:57,1,0,1
BRDA:57,2,0,1
BRDA:57,3,0,0
BRDA:57,4,0,0
BRDA:57,5,0,0
BRDA:57,6,0,0
BRDA:57,7,0,1
BRDA:57,8,0,1
BRDA:57,9,0,1
BRDA:57,10,0,1
BRDA:57,11,0,1
BRDA:57,12,0,0
BRDA:57,13,0,1
BRDA:57,14,0,1
BRDA:57,15,0,0
BRDA:57,16,0,2
BRDA:57,17,0,1
BRDA:57,18,0,1
BRDA:57,19,0,1
BRDA:57,20,0,1
BRDA:57,21,0,0
BRDA:57,22,0,3
BRDA:57,23,0,2
BRDA:57,24,0,2
BRDA:57,25,0,0
BRDA:57,26,0,4
BRDA:57,27,0,0
BRDA:57,28,0,0
BRDA:57,29,0,0
BRDA:57,30,0,0
BRDA:57,31,0,2
BRDA:57,32,0,2
BRDA:57,33,0,1
BRDA:57,34,0,0
BRDA:57,35,0,0
BRDA:57,36,0,1
BRDA:57,37,0,0
BRDA:57,38,0,0
BRDA:57,39,0,0
BRDA:57,40,0,0
BRDA:57,41,0,0
BRDA:57,42,0,2
BRDA:57,43,0,0
BRDA:57,44,0,2
BRDA:57,45,0,1
BRDA:57,46,0,0
BRDA:57,47,0,1
BRDA:57,48,0,0
BRDA:18,49,0,1
BRDA:19,50,0,1
BRDA:24,51,0,1
BRDA:57,52,0,1
BRDA:57,53,0,2
BRDA:29,54,0,1
BRDA:57,55,0,1
BRDA:39,56,0,31
BRDA:42,57,0,31
BRDA:43,58,0,341
BRF:59
BRH:37
end_of_record
TN:
SF:src/modules/appointments/services/ListProvidersService.ts
FN:38,Object.<anonymous>
FN:38,Object.<anonymous>.__decorate
FN:38,Object.<anonymous>.__metadata
FN:38,Object.<anonymous>.__param
FN:38,Object.<anonymous>.__awaiter
FN:38,adopt
FN:38,fulfilled
FN:38,rejected
FN:38,step
FN:38,Object.<anonymous>.__generator
FN:38,sent
FN:38,g.<computed>
FN:38,verb
FN:38,step
FN:13,ListProvidersService
FN:21,Object.<anonymous>.ListProvidersService.execute
FNF:16
FNH:14
FNDA:1,Object.<anonymous>
FNDA:1,Object.<anonymous>.__decorate
FNDA:1,Object.<anonymous>.__metadata
FNDA:2,Object.<anonymous>.__param
FNDA:1,Object.<anonymous>.__awaiter
FNDA:3,adopt
FNDA:3,fulfilled
FNDA:0,rejected
FNDA:4,step
FNDA:1,Object.<anonymous>.__generator
FNDA:3,sent
FNDA:0,g.<computed>
FNDA:3,verb
FNDA:4,step
FNDA:1,ListProvidersService
FNDA:1,Object.<anonymous>.ListProvidersService.execute
DA:1,1
DA:2,1
DA:3,1
DA:4,1
DA:5,1
DA:6,1
DA:7,1
DA:8,1
DA:9,1
DA:10,1
DA:11,1
DA:12,1
DA:13,1
DA:14,1
DA:15,1
DA:16,1
DA:17,1
DA:18,1
DA:19,1
DA:20,1
DA:21,1
DA:22,1
DA:23,1
DA:24,1
DA:25,1
DA:26,1
DA:27,1
DA:28,1
DA:29,1
DA:30,1
DA:31,1
DA:32,1
DA:33,1
DA:34,1
DA:35,1
DA:36,1
DA:37,1
DA:38,1
LF:38
LH:38
BRDA:38,0,0,1
BRDA:38,1,0,1
BRDA:38,2,0,1
BRDA:38,3,0,0
BRDA:38,4,0,0
BRDA:38,5,0,0
BRDA:38,6,0,0
BRDA:38,7,0,1
BRDA:38,8,0,2
BRDA:38,9,0,2
BRDA:38,10,0,1
BRDA:38,11,0,3
BRDA:38,12,0,0
BRDA:38,13,0,1
BRDA:38,14,0,3
BRDA:38,15,0,0
BRDA:38,16,0,4
BRDA:38,17,0,1
BRDA:38,18,0,3
BRDA:38,19,0,1
BRDA:38,20,0,3
BRDA:38,21,0,0
BRDA:38,22,0,3
BRDA:38,23,0,4
BRDA:38,24,0,4
BRDA:38,25,0,0
BRDA:38,26,0,8
BRDA:38,27,0,0
BRDA:38,28,0,0
BRDA:38,29,0,0
BRDA:38,30,0,0
BRDA:38,31,0,4
BRDA:38,32,0,4
BRDA:38,33,0,3
BRDA:38,34,0,0
BRDA:38,35,0,0
BRDA:38,36,0,1
BRDA:38,37,0,0
BRDA:38,38,0,0
BRDA:38,39,0,0
BRDA:38,40,0,0
BRDA:38,41,0,0
BRDA:38,42,0,4
BRDA:38,43,0,0
BRDA:38,44,0,4
BRDA:38,45,0,1
BRDA:38,46,0,0
BRDA:38,47,0,1
BRDA:38,48,0,0
BRDA:12,49,0,1
BRDA:13,50,0,1
BRDA:21,51,0,1
BRDA:38,52,0,1
BRDA:38,53,0,4
BRDA:22,54,0,1
BRDA:38,55,0,1
BRDA:26,56,0,0
BRDA:38,57,0,1
BRDA:38,58,0,1
BRDA:34,59,0,1
BRF:60
BRH:37
end_of_record
TN:
SF:src/modules/users/services/AuthenticateUserService.ts
FN:60,Object.<anonymous>
FN:60,Object.<anonymous>.__decorate
FN:60,Object.<anonymous>.__metadata
FN:60,Object.<anonymous>.__param
FN:60,Object.<anonymous>.__awaiter
FN:60,adopt
FN:60,fulfilled
FN:60,rejected
FN:60,step
FN:60,Object.<anonymous>.__generator
FN:60,sent
FN:60,g.<computed>
FN:60,verb
FN:60,step
FN:60,Object.<anonymous>.__importDefault
FN:22,AuthenticateUserService
FN:30,Object.<anonymous>.AuthenticateUserService.execute
FNF:17
FNH:15
FNDA:1,Object.<anonymous>
FNDA:1,Object.<anonymous>.__decorate
FNDA:1,Object.<anonymous>.__metadata
FNDA:2,Object.<anonymous>.__param
FNDA:3,Object.<anonymous>.__awaiter
FNDA:5,adopt
FNDA:5,fulfilled
FNDA:0,rejected
FNDA:6,step
FNDA:3,Object.<anonymous>.__generator
FNDA:5,sent
FNDA:0,g.<computed>
FNDA:9,verb
FNDA:8,step
FNDA:2,Object.<anonymous>.__importDefault
FNDA:3,AuthenticateUserService
FNDA:3,Object.<anonymous>.AuthenticateUserService.execute
DA:1,1
DA:2,1
DA:3,1
DA:4,1
DA:5,1
DA:6,1
DA:7,1
DA:8,1
DA:9,1
DA:10,1
DA:11,1
DA:12,1
DA:13,1
DA:14,1
DA:15,1
DA:16,1
DA:17,1
DA:18,1
DA:19,1
DA:20,1
DA:21,1
DA:22,1
DA:23,3
DA:24,3
DA:25,3
DA:26,3
DA:27,3
DA:28,3
DA:29,1
DA:30,1
DA:31,3
DA:32,3
DA:33,3
DA:34,1
DA:35,1
DA:36,2
DA:37,2
DA:38,2
DA:39,2
DA:40,2
DA:41,3
DA:42,3
DA:43,1
DA:44,1
DA:45,1
DA:46,1
DA:47,1
DA:48,1
DA:49,1
DA:50,1
DA:51,1
DA:52,1
DA:53,1
DA:54,1
DA:55,1
DA:56,1
DA:57,3
DA:58,1
DA:59,1
DA:60,1
LF:60
LH:60
BRDA:60,0,0,1
BRDA:60,1,0,1
BRDA:60,2,0,1
BRDA:60,3,0,0
BRDA:60,4,0,0
BRDA:60,5,0,0
BRDA:60,6,0,0
BRDA:60,7,0,1
BRDA:60,8,0,2
BRDA:60,9,0,2
BRDA:60,10,0,3
BRDA:60,11,0,5
BRDA:60,12,0,0
BRDA:60,13,0,3
BRDA:60,14,0,5
BRDA:60,15,0,3
BRDA:60,16,0,2
BRDA:60,17,0,6
BRDA:60,18,0,1
BRDA:60,19,0,5
BRDA:60,20,0,3
BRDA:60,21,0,5
BRDA:60,22,0,0
BRDA:60,23,0,9
BRDA:60,24,0,8
BRDA:60,25,0,8
BRDA:60,26,0,0
BRDA:60,27,0,16
BRDA:60,28,0,0
BRDA:60,29,0,0
BRDA:60,30,0,0
BRDA:60,31,0,0
BRDA:60,32,0,8
BRDA:60,33,0,8
BRDA:60,34,0,5
BRDA:60,35,0,0
BRDA:60,36,0,0
BRDA:60,37,0,3
BRDA:60,38,0,0
BRDA:60,39,0,1
BRDA:60,40,0,0
BRDA:60,41,0,0
BRDA:60,42,0,0
BRDA:60,43,0,0
BRDA:60,44,0,8
BRDA:60,45,0,6
BRDA:60,46,0,2
BRDA:60,47,0,8
BRDA:60,48,0,3
BRDA:60,49,0,2
BRDA:60,50,0,1
BRDA:60,51,0,0
BRDA:60,52,0,2
BRDA:60,53,0,0
BRDA:21,54,0,1
BRDA:22,55,0,3
BRDA:30,56,0,3
BRDA:60,57,0,3
BRDA:60,58,0,8
BRDA:31,59,0,3
BRDA:60,60,0,3
BRDA:33,61,0,1
BRDA:35,62,0,2
BRDA:60,63,0,2
BRDA:42,64,0,1
BRF:65
BRH:45
end_of_record
TN:
SF:src/modules/users/services/CreateUserService.ts
FN:49,Object.<anonymous>
FN:49,Object.<anonymous>.__decorate
FN:49,Object.<anonymous>.__metadata
FN:49,Object.<anonymous>.__param
FN:49,Object.<anonymous>.__awaiter
FN:49,adopt
FN:49,fulfilled
FN:49,rejected
FN:49,step
FN:49,Object.<anonymous>.__generator
FN:49,sent
FN:49,g.<computed>
FN:49,verb
FN:49,step
FN:49,Object.<anonymous>.__importDefault
FN:17,CreateUserService
FN:28,Object.<anonymous>.CreateUserService.execute
FNF:17
FNH:15
FNDA:1,Object.<anonymous>
FNDA:1,Object.<anonymous>.__decorate
FNDA:1,Object.<anonymous>.__metadata
FNDA:3,Object.<anonymous>.__param
FNDA:3,Object.<anonymous>.__awaiter
FNDA:7,adopt
FNDA:7,fulfilled
FNDA:0,rejected
FNDA:9,step
FNDA:3,Object.<anonymous>.__generator
FNDA:7,sent
FNDA:0,g.<computed>
FNDA:9,verb
FNDA:10,step
FNDA:1,Object.<anonymous>.__importDefault
FNDA:2,CreateUserService
FNDA:3,Object.<anonymous>.CreateUserService.execute
DA:1,1
DA:2,1
DA:3,1
DA:4,1
DA:5,1
DA:6,1
DA:7,1
DA:8,1
DA:9,1
DA:10,1
DA:11,1
DA:12,1
DA:13,1
DA:14,1
DA:15,1
DA:16,1
DA:17,1
DA:18,2
DA:19,2
DA:20,2
DA:21,2
DA:22,2
DA:23,2
DA:24,2
DA:25,2
DA:26,2
DA:27,1
DA:28,1
DA:29,3
DA:30,3
DA:31,3
DA:32,1
DA:33,1
DA:34,2
DA:35,2
DA:36,3
DA:37,3
DA:38,3
DA:39,3
DA:40,3
DA:41,3
DA:42,3
DA:43,3
DA:44,3
DA:45,3
DA:46,3
DA:47,1
DA:48,1
DA:49,1
LF:49
LH:49
BRDA:49,0,0,1
BRDA:49,1,0,1
BRDA:49,2,0,1
BRDA:49,3,0,0
BRDA:49,4,0,0
BRDA:49,5,0,0
BRDA:49,6,0,0
BRDA:49,7,0,1
BRDA:49,8,0,3
BRDA:49,9,0,3
BRDA:49,10,0,3
BRDA:49,11,0,7
BRDA:49,12,0,0
BRDA:49,13,0,3
BRDA:49,14,0,7
BRDA:49,15,0,6
BRDA:49,16,0,1
BRDA:49,17,0,9
BRDA:49,18,0,2
BRDA:49,19,0,7
BRDA:49,20,0,3
BRDA:49,21,0,7
BRDA:49,22,0,0
BRDA:49,23,0,9
BRDA:49,24,0,10
BRDA:49,25,0,10
BRDA:49,26,0,0
BRDA:49,27,0,20
BRDA:49,28,0,0
BRDA:49,29,0,0
BRDA:49,30,0,0
BRDA:49,31,0,0
BRDA:49,32,0,10
BRDA:49,33,0,10
BRDA:49,34,0,7
BRDA:49,35,0,0
BRDA:49,36,0,0
BRDA:49,37,0,3
BRDA:49,38,0,0
BRDA:49,39,0,2
BRDA:49,40,0,0
BRDA:49,41,0,0
BRDA:49,42,0,0
BRDA:49,43,0,0
BRDA:49,44,0,10
BRDA:49,45,0,9
BRDA:49,46,0,1
BRDA:49,47,0,10
BRDA:49,48,0,3
BRDA:49,49,0,1
BRDA:49,50,0,2
BRDA:49,51,0,0
BRDA:49,52,0,1
BRDA:49,53,0,0
BRDA:16,54,0,1
BRDA:17,55,0,2
BRDA:28,56,0,3
BRDA:49,57,0,3
BRDA:49,58,0,10
BRDA:29,59,0,3
BRDA:49,60,0,3
BRDA:31,61,0,1
BRDA:33,62,0,2
BRDA:49,63,0,2
BRDA:49,64,0,2
BRF:65
BRH:45
end_of_record
TN:
SF:src/modules/users/services/ResetPasswordService.ts
FN:52,Object.<anonymous>
FN:52,Object.<anonymous>.__decorate
FN:52,Object.<anonymous>.__metadata
FN:52,Object.<anonymous>.__param
FN:52,Object.<anonymous>.__awaiter
FN:52,adopt
FN:52,fulfilled
FN:52,rejected
FN:52,step
FN:52,Object.<anonymous>.__generator
FN:52,sent
FN:52,g.<computed>
FN:52,verb
FN:52,step
FN:52,Object.<anonymous>.__importDefault
FN:17,ResetPasswordService
FN:28,Object.<anonymous>.ResetPasswordService.execute
FNF:17
FNH:15
FNDA:1,Object.<anonymous>
FNDA:1,Object.<anonymous>.__decorate
FNDA:1,Object.<anonymous>.__metadata
FNDA:3,Object.<anonymous>.__param
FNDA:4,Object.<anonymous>.__awaiter
FNDA:9,adopt
FNDA:9,fulfilled
FNDA:0,rejected
FNDA:10,step
FNDA:4,Object.<anonymous>.__generator
FNDA:9,sent
FNDA:0,g.<computed>
FNDA:12,verb
FNDA:13,step
FNDA:1,Object.<anonymous>.__importDefault
FNDA:4,ResetPasswordService
FNDA:4,Object.<anonymous>.ResetPasswordService.execute
DA:1,1
DA:2,1
DA:3,1
DA:4,1
DA:5,1
DA:6,1
DA:7,1
DA:8,1
DA:9,1
DA:10,1
DA:11,1
DA:12,1
DA:13,1
DA:14,1
DA:15,1
DA:16,1
DA:17,1
DA:18,4
DA:19,4
DA:20,4
DA:21,4
DA:22,4
DA:23,4
DA:24,4
DA:25,4
DA:26,4
DA:27,1
DA:28,1
DA:29,4
DA:30,4
DA:31,4
DA:32,1
DA:33,1
DA:34,3
DA:35,4
DA:36,4
DA:37,1
DA:38,1
DA:39,2
DA:40,2
DA:41,2
DA:42,2
DA:43,4
DA:44,1
DA:45,1
DA:46,1
DA:47,4
DA:48,4
DA:49,4
DA:50,1
DA:51,1
DA:52,1
LF:52
LH:52
BRDA:52,0,0,1
BRDA:52,1,0,1
BRDA:52,2,0,1
BRDA:52,3,0,0
BRDA:52,4,0,0
BRDA:52,5,0,0
BRDA:52,6,0,0
BRDA:52,7,0,1
BRDA:52,8,0,3
BRDA:52,9,0,3
BRDA:52,10,0,4
BRDA:52,11,0,9
BRDA:52,12,0,0
BRDA:52,13,0,4
BRDA:52,14,0,9
BRDA:52,15,0,6
BRDA:52,16,0,3
BRDA:52,17,0,10
BRDA:52,18,0,1
BRDA:52,19,0,9
BRDA:52,20,0,4
BRDA:52,21,0,9
BRDA:52,22,0,0
BRDA:52,23,0,12
BRDA:52,24,0,13
BRDA:52,25,0,13
BRDA:52,26,0,0
BRDA:52,27,0,26
BRDA:52,28,0,0
BRDA:52,29,0,0
BRDA:52,30,0,0
BRDA:52,31,0,0
BRDA:52,32,0,13
BRDA:52,33,0,13
BRDA:52,34,0,9
BRDA:52,35,0,0
BRDA:52,36,0,0
BRDA:52,37,0,4
BRDA:52,38,0,0
BRDA:52,39,0,1
BRDA:52,40,0,0
BRDA:52,41,0,0
BRDA:52,42,0,0
BRDA:52,43,0,0
BRDA:52,44,0,13
BRDA:52,45,0,10
BRDA:52,46,0,3
BRDA:52,47,0,13
BRDA:52,48,0,4
BRDA:52,49,0,3
BRDA:52,50,0,1
BRDA:52,51,0,0
BRDA:52,52,0,1
BRDA:52,53,0,0
BRDA:16,54,0,1
BRDA:17,55,0,4
BRDA:28,56,0,4
BRDA:52,57,0,4
BRDA:52,58,0,13
BRDA:29,59,0,4
BRDA:52,60,0,4
BRDA:31,61,0,1
BRDA:33,62,0,3
BRDA:52,63,0,3
BRDA:36,64,0,1
BRDA:38,65,0,2
BRDA:43,66,0,1
BRDA:52,67,0,1
BRDA:52,68,0,1
BRF:69
BRH:49
end_of_record
TN:
SF:src/modules/users/services/SendForgotPasswordEmailService.ts
FN:61,Object.<anonymous>
FN:61,Object.<anonymous>.__decorate
FN:61,Object.<anonymous>.__metadata
FN:61,Object.<anonymous>.__param
FN:61,Object.<anonymous>.__awaiter
FN:61,adopt
FN:61,fulfilled
FN:61,rejected
FN:61,step
FN:61,Object.<anonymous>.__generator
FN:61,sent
FN:61,g.<computed>
FN:61,verb
FN:61,step
FN:61,Object.<anonymous>.__importDefault
FN:16,SendForgotPasswordEmailService
FN:27,Object.<anonymous>.SendForgotPasswordEmailService.execute
FNF:17
FNH:15
FNDA:1,Object.<anonymous>
FNDA:1,Object.<anonymous>.__decorate
FNDA:1,Object.<anonymous>.__metadata
FNDA:3,Object.<anonymous>.__param
FNDA:3,Object.<anonymous>.__awaiter
FNDA:7,adopt
FNDA:7,fulfilled
FNDA:0,rejected
FNDA:9,step
FNDA:3,Object.<anonymous>.__generator
FNDA:7,sent
FNDA:0,g.<computed>
FNDA:9,verb
FNDA:10,step
FNDA:2,Object.<anonymous>.__importDefault
FNDA:3,SendForgotPasswordEmailService
FNDA:3,Object.<anonymous>.SendForgotPasswordEmailService.execute
DA:1,1
DA:2,1
DA:3,1
DA:4,1
DA:5,1
DA:6,1
DA:7,1
DA:8,1
DA:9,1
DA:10,1
DA:11,1
DA:12,1
DA:13,1
DA:14,1
DA:15,1
DA:16,1
DA:17,3
DA:18,3
DA:19,3
DA:20,3
DA:21,3
DA:22,3
DA:23,3
DA:24,3
DA:25,3
DA:26,1
DA:27,1
DA:28,3
DA:29,3
DA:30,3
DA:31,1
DA:32,1
DA:33,2
DA:34,2
DA:35,3
DA:36,3
DA:37,3
DA:38,3
DA:39,3
DA:40,3
DA:41,3
DA:42,3
DA:43,3
DA:44,3
DA:45,3
DA:46,3
DA:47,3
DA:48,3
DA:49,3
DA:50,3
DA:51,3
DA:52,3
DA:53,3
DA:54,3
DA:55,3
DA:56,3
DA:57,3
DA:58,3
DA:59,1
DA:60,1
DA:61,1
LF:61
LH:61
BRDA:61,0,0,1
BRDA:61,1,0,1
BRDA:61,2,0,1
BRDA:61,3,0,0
BRDA:61,4,0,0
BRDA:61,5,0,0
BRDA:61,6,0,0
BRDA:61,7,0,1
BRDA:61,8,0,3
BRDA:61,9,0,3
BRDA:61,10,0,3
BRDA:61,11,0,7
BRDA:61,12,0,0
BRDA:61,13,0,3
BRDA:61,14,0,7
BRDA:61,15,0,6
BRDA:61,16,0,1
BRDA:61,17,0,9
BRDA:61,18,0,2
BRDA:61,19,0,7
BRDA:61,20,0,3
BRDA:61,21,0,7
BRDA:61,22,0,0
BRDA:61,23,0,9
BRDA:61,24,0,10
BRDA:61,25,0,10
BRDA:61,26,0,0
BRDA:61,27,0,20
BRDA:61,28,0,0
BRDA:61,29,0,0
BRDA:61,30,0,0
BRDA:61,31,0,0
BRDA:61,32,0,10
BRDA:61,33,0,10
BRDA:61,34,0,7
BRDA:61,35,0,0
BRDA:61,36,0,0
BRDA:61,37,0,3
BRDA:61,38,0,0
BRDA:61,39,0,2
BRDA:61,40,0,0
BRDA:61,41,0,0
BRDA:61,42,0,0
BRDA:61,43,0,0
BRDA:61,44,0,10
BRDA:61,45,0,9
BRDA:61,46,0,1
BRDA:61,47,0,10
BRDA:61,48,0,3
BRDA:61,49,0,1
BRDA:61,50,0,2
BRDA:61,51,0,0
BRDA:61,52,0,2
BRDA:61,53,0,1
BRDA:61,54,0,1
BRDA:15,55,0,1
BRDA:16,56,0,3
BRDA:27,57,0,3
BRDA:61,58,0,3
BRDA:61,59,0,10
BRDA:28,60,0,3
BRDA:61,61,0,3
BRDA:30,62,0,1
BRDA:32,63,0,2
BRDA:61,64,0,2
BRDA:61,65,0,2
BRF:66
BRH:47
end_of_record
TN:
SF:src/modules/users/services/ShowProfileService.ts
FN:30,Object.<anonymous>
FN:30,Object.<anonymous>.__decorate
FN:30,Object.<anonymous>.__metadata
FN:30,Object.<anonymous>.__param
FN:30,Object.<anonymous>.__awaiter
FN:30,adopt
FN:30,fulfilled
FN:30,rejected
FN:30,step
FN:30,Object.<anonymous>.__generator
FN:30,sent
FN:30,g.<computed>
FN:30,verb
FN:30,step
FN:30,Object.<anonymous>.__importDefault
FN:14,ShowProfileService
FN:19,Object.<anonymous>.ShowProfileService.execute
FNF:17
FNH:15
FNDA:1,Object.<anonymous>
FNDA:1,Object.<anonymous>.__decorate
FNDA:1,Object.<anonymous>.__metadata
FNDA:1,Object.<anonymous>.__param
FNDA:2,Object.<anonymous>.__awaiter
FNDA:2,adopt
FNDA:2,fulfilled
FNDA:0,rejected
FNDA:3,step
FNDA:2,Object.<anonymous>.__generator
FNDA:2,sent
FNDA:0,g.<computed>
FNDA:6,verb
FNDA:4,step
FNDA:1,Object.<anonymous>.__importDefault
FNDA:2,ShowProfileService
FNDA:2,Object.<anonymous>.ShowProfileService.execute
DA:1,1
DA:2,1
DA:3,1
DA:4,1
DA:5,1
DA:6,1
DA:7,1
DA:8,1
DA:9,1
DA:10,1
DA:11,1
DA:12,1
DA:13,1
DA:14,1
DA:15,2
DA:16,2
DA:17,2
DA:18,1
DA:19,1
DA:20,2
DA:21,2
DA:22,2
DA:23,1
DA:24,1
DA:25,1
DA:26,1
DA:27,2
DA:28,1
DA:29,1
DA:30,1
LF:30
LH:30
BRDA:30,0,0,1
BRDA:30,1,0,1
BRDA:30,2,0,1
BRDA:30,3,0,0
BRDA:30,4,0,0
BRDA:30,5,0,0
BRDA:30,6,0,0
BRDA:30,7,0,1
BRDA:30,8,0,1
BRDA:30,9,0,1
BRDA:30,10,0,2
BRDA:30,11,0,2
BRDA:30,12,0,0
BRDA:30,13,0,2
BRDA:30,14,0,2
BRDA:30,15,0,1
BRDA:30,16,0,3
BRDA:30,17,0,1
BRDA:30,18,0,2
BRDA:30,19,0,2
BRDA:30,20,0,2
BRDA:30,21,0,0
BRDA:30,22,0,6
BRDA:30,23,0,4
BRDA:30,24,0,4
BRDA:30,25,0,0
BRDA:30,26,0,8
BRDA:30,27,0,0
BRDA:30,28,0,0
BRDA:30,29,0,0
BRDA:30,30,0,0
BRDA:30,31,0,4
BRDA:30,32,0,4
BRDA:30,33,0,2
BRDA:30,34,0,0
BRDA:30,35,0,0
BRDA:30,36,0,2
BRDA:30,37,0,0
BRDA:30,38,0,1
BRDA:30,39,0,0
BRDA:30,40,0,0
BRDA:30,41,0,0
BRDA:30,42,0,0
BRDA:30,43,0,4
BRDA:30,44,0,3
BRDA:30,45,0,1
BRDA:30,46,0,4
BRDA:30,47,0,2
BRDA:30,48,0,1
BRDA:30,49,0,0
BRDA:30,50,0,1
BRDA:30,51,0,0
BRDA:13,52,0,1
BRDA:14,53,0,2
BRDA:19,54,0,2
BRDA:30,55,0,2
BRDA:30,56,0,4
BRDA:20,57,0,2
BRDA:30,58,0,2
BRDA:22,59,0,1
BRF:60
BRH:40
end_of_record
TN:
SF:src/modules/users/services/UpdateProfileService.ts
FN:71,Object.<anonymous>
FN:71,Object.<anonymous>.__decorate
FN:71,Object.<anonymous>.__metadata
FN:71,Object.<anonymous>.__param
FN:71,Object.<anonymous>.__awaiter
FN:71,adopt
FN:71,fulfilled
FN:71,rejected
FN:71,step
FN:71,Object.<anonymous>.__generator
FN:71,sent
FN:71,g.<computed>
FN:71,verb
FN:71,step
FN:71,Object.<anonymous>.__importDefault
FN:18,UpdateProfile
FN:26,Object.<anonymous>.UpdateProfile.execute
FNF:17
FNH:15
FNDA:1,Object.<anonymous>
FNDA:1,Object.<anonymous>.__decorate
FNDA:1,Object.<anonymous>.__metadata
FNDA:2,Object.<anonymous>.__param
FNDA:6,Object.<anonymous>.__awaiter
FNDA:14,adopt
FNDA:14,fulfilled
FNDA:0,rejected
FNDA:16,step
FNDA:6,Object.<anonymous>.__generator
FNDA:14,sent
FNDA:0,g.<computed>
FNDA:18,verb
FNDA:20,step
FNDA:1,Object.<anonymous>.__importDefault
FNDA:6,UpdateProfile
FNDA:6,Object.<anonymous>.UpdateProfile.execute
DA:1,1
DA:2,1
DA:3,1
DA:4,1
DA:5,1
DA:6,1
DA:7,1
DA:8,1
DA:9,1
DA:10,1
DA:11,1
DA:12,1
DA:13,1
DA:14,1
DA:15,1
DA:16,1
DA:17,1
DA:18,1
DA:19,6
DA:20,6
DA:21,6
DA:22,6
DA:23,6
DA:24,6
DA:25,1
DA:26,1
DA:27,6
DA:28,6
DA:29,6
DA:30,6
DA:31,6
DA:32,6
DA:33,6
DA:34,6
DA:35,6
DA:36,1
DA:37,1
DA:38,5
DA:39,5
DA:40,6
DA:41,6
DA:42,1
DA:43,1
DA:44,4
DA:45,4
DA:46,4
DA:47,4
DA:48,6
DA:49,1
DA:50,1
DA:51,1
DA:52,1
DA:53,3
DA:54,6
DA:55,2
DA:56,2
DA:57,2
DA:58,2
DA:59,6
DA:60,6
DA:61,1
DA:62,1
DA:63,1
DA:64,1
DA:65,6
DA:66,6
DA:67,6
DA:68,6
DA:69,1
DA:70,1
DA:71,1
LF:71
LH:71
BRDA:71,0,0,1
BRDA:71,1,0,1
BRDA:71,2,0,1
BRDA:71,3,0,0
BRDA:71,4,0,0
BRDA:71,5,0,0
BRDA:71,6,0,0
BRDA:71,7,0,1
BRDA:71,8,0,2
BRDA:71,9,0,2
BRDA:71,10,0,6
BRDA:71,11,0,14
BRDA:71,12,0,0
BRDA:71,13,0,6
BRDA:71,14,0,14
BRDA:71,15,0,10
BRDA:71,16,0,4
BRDA:71,17,0,16
BRDA:71,18,0,2
BRDA:71,19,0,14
BRDA:71,20,0,6
BRDA:71,21,0,14
BRDA:71,22,0,0
BRDA:71,23,0,18
BRDA:71,24,0,20
BRDA:71,25,0,20
BRDA:71,26,0,0
BRDA:71,27,0,41
BRDA:71,28,0,0
BRDA:71,29,0,0
BRDA:71,30,0,0
BRDA:71,31,0,0
BRDA:71,32,0,20
BRDA:71,33,0,20
BRDA:71,34,0,14
BRDA:71,35,0,0
BRDA:71,36,0,0
BRDA:71,37,0,7
BRDA:71,38,0,0
BRDA:71,39,0,3
BRDA:71,40,0,6
BRDA:71,41,0,1
BRDA:71,42,0,0
BRDA:71,43,0,1
BRDA:71,44,0,0
BRDA:71,45,0,0
BRDA:71,46,0,0
BRDA:71,47,0,21
BRDA:71,48,0,17
BRDA:71,49,0,4
BRDA:71,50,0,21
BRDA:71,51,0,6
BRDA:71,52,0,4
BRDA:71,53,0,2
BRDA:71,54,0,0
BRDA:71,55,0,1
BRDA:71,56,0,0
BRDA:17,57,0,1
BRDA:18,58,0,6
BRDA:26,59,0,6
BRDA:71,60,0,6
BRDA:71,61,0,21
BRDA:33,62,0,6
BRDA:71,63,0,6
BRDA:35,64,0,1
BRDA:37,65,0,5
BRDA:71,66,0,5
BRDA:41,67,0,4
BRDA:41,68,0,1
BRDA:43,69,0,4
BRDA:48,70,0,3
BRDA:48,71,0,1
BRDA:52,72,0,3
BRDA:54,73,0,2
BRDA:54,74,0,1
BRDA:54,75,0,2
BRDA:71,76,0,2
BRDA:60,77,0,1
BRDA:71,78,0,1
BRDA:67,79,0,2
BRF:80
BRH:60
end_of_record
TN:
SF:src/modules/users/services/UpdateUserAvatarService.ts
FN:44,Object.<anonymous>
FN:44,Object.<anonymous>.__decorate
FN:44,Object.<anonymous>.__metadata
FN:44,Object.<anonymous>.__param
FN:44,Object.<anonymous>.__awaiter
FN:44,adopt
FN:44,fulfilled
FN:44,rejected
FN:44,step
FN:44,Object.<anonymous>.__generator
FN:44,sent
FN:44,g.<computed>
FN:44,verb
FN:44,step
FN:44,Object.<anonymous>.__importDefault
FN:15,UpdateUserAvatarService
FN:23,Object.<anonymous>.UpdateUserAvatarService.execute
FNF:17
FNH:15
FNDA:1,Object.<anonymous>
FNDA:1,Object.<anonymous>.__decorate
FNDA:1,Object.<anonymous>.__metadata
FNDA:2,Object.<anonymous>.__param
FNDA:4,Object.<anonymous>.__awaiter
FNDA:11,adopt
FNDA:11,fulfilled
FNDA:0,rejected
FNDA:14,step
FNDA:4,Object.<anonymous>.__generator
FNDA:11,sent
FNDA:0,g.<computed>
FNDA:12,verb
FNDA:15,step
FNDA:1,Object.<anonymous>.__importDefault
FNDA:3,UpdateUserAvatarService
FNDA:4,Object.<anonymous>.UpdateUserAvatarService.execute
DA:1,1
DA:2,1
DA:3,1
DA:4,1
DA:5,1
DA:6,1
DA:7,1
DA:8,1
DA:9,1
DA:10,1
DA:11,1
DA:12,1
DA:13,1
DA:14,1
DA:15,1
DA:16,3
DA:17,3
DA:18,3
DA:19,3
DA:20,3
DA:21,3
DA:22,1
DA:23,1
DA:24,4
DA:25,4
DA:26,4
DA:27,1
DA:28,1
DA:29,3
DA:30,3
DA:31,1
DA:32,4
DA:33,4
DA:34,4
DA:35,4
DA:36,4
DA:37,4
DA:38,4
DA:39,4
DA:40,4
DA:41,4
DA:42,1
DA:43,1
DA:44,1
LF:44
LH:44
BRDA:44,0,0,1
BRDA:44,1,0,1
BRDA:44,2,0,1
BRDA:44,3,0,0
BRDA:44,4,0,0
BRDA:44,5,0,0
BRDA:44,6,0,0
BRDA:44,7,0,1
BRDA:44,8,0,2
BRDA:44,9,0,2
BRDA:44,10,0,4
BRDA:44,11,0,11
BRDA:44,12,0,0
BRDA:44,13,0,4
BRDA:44,14,0,11
BRDA:44,15,0,10
BRDA:44,16,0,1
BRDA:44,17,0,14
BRDA:44,18,0,3
BRDA:44,19,0,11
BRDA:44,20,0,4
BRDA:44,21,0,11
BRDA:44,22,0,0
BRDA:44,23,0,12
BRDA:44,24,0,15
BRDA:44,25,0,15
BRDA:44,26,0,0
BRDA:44,27,0,32
BRDA:44,28,0,0
BRDA:44,29,0,0
BRDA:44,30,0,0
BRDA:44,31,0,0
BRDA:44,32,0,15
BRDA:44,33,0,15
BRDA:44,34,0,11
BRDA:44,35,0,0
BRDA:44,36,0,0
BRDA:44,37,0,6
BRDA:44,38,0,0
BRDA:44,39,0,5
BRDA:44,40,0,4
BRDA:44,41,0,2
BRDA:44,42,0,0
BRDA:44,43,0,2
BRDA:44,44,0,0
BRDA:44,45,0,0
BRDA:44,46,0,0
BRDA:44,47,0,17
BRDA:44,48,0,16
BRDA:44,49,0,1
BRDA:44,50,0,17
BRDA:44,51,0,4
BRDA:44,52,0,1
BRDA:44,53,0,3
BRDA:44,54,0,0
BRDA:44,55,0,1
BRDA:44,56,0,0
BRDA:14,57,0,1
BRDA:15,58,0,3
BRDA:23,59,0,4
BRDA:44,60,0,4
BRDA:44,61,0,17
BRDA:24,62,0,4
BRDA:44,63,0,4
BRDA:26,64,0,1
BRDA:28,65,0,3
BRDA:30,66,0,2
BRDA:30,67,0,1
BRDA:44,68,0,1
BRDA:34,69,0,3
BRDA:44,70,0,3
BRDA:44,71,0,3
BRF:72
BRH:52
end_of_record
